[2020-07-27T22:15:58.753] [DEBUG] cheese - login => username:admin,password:123456
[2020-07-27T22:15:58.757] [DEBUG] cheese - admin
[2020-07-27T22:15:58.815] [DEBUG] cheese - null
[2020-07-27T22:15:58.815] [DEBUG] cheese - null
[2020-07-29T11:50:11.059] [DEBUG] cheese - login => username:zsdsa,password:1232323
[2020-07-29T11:50:11.062] [DEBUG] cheese - zsdsa
[2020-07-29T11:50:11.114] [DEBUG] cheese - null
[2020-07-29T11:50:11.115] [DEBUG] cheese - null
[2020-07-29T11:50:20.154] [DEBUG] cheese - login => username:zsdsa,password:1232323ds
[2020-07-29T11:50:20.155] [DEBUG] cheese - zsdsa
[2020-07-29T11:50:20.158] [DEBUG] cheese - null
[2020-07-29T11:50:20.158] [DEBUG] cheese - null
[2020-07-29T11:51:22.160] [DEBUG] cheese - login => username:admin,password:13235435
[2020-07-29T11:51:22.160] [DEBUG] cheese - admin
[2020-07-29T11:51:22.165] [DEBUG] cheese - null
[2020-07-29T11:51:22.166] [DEBUG] cheese - null
[2020-07-29T11:51:50.471] [DEBUG] cheese - login => username:admin,password:123456
[2020-07-29T11:51:50.471] [DEBUG] cheese - admin
[2020-07-29T11:51:50.473] [DEBUG] cheese - null
[2020-07-29T11:51:50.474] [DEBUG] cheese - null
[2020-07-29T11:52:46.563] [DEBUG] cheese - login => username:admin,password:123456
[2020-07-29T11:52:46.564] [DEBUG] cheese - admin
[2020-07-29T11:52:46.566] [DEBUG] cheese - null
[2020-07-29T11:52:46.566] [DEBUG] cheese - null
[2020-07-29T11:54:46.847] [DEBUG] cheese - login => username:admin,password:123456
[2020-07-29T11:54:46.847] [DEBUG] cheese - admin
[2020-07-29T11:54:46.849] [DEBUG] cheese - null
[2020-07-29T11:54:46.849] [DEBUG] cheese - null
[2020-07-29T11:55:32.049] [DEBUG] cheese - login => username:admi,password:123456
[2020-07-29T11:55:32.049] [DEBUG] cheese - admi
[2020-07-29T11:55:32.052] [DEBUG] cheese - null
[2020-07-29T11:55:32.052] [DEBUG] cheese - null
[2020-07-29T11:56:05.474] [DEBUG] cheese - login => username:admin,password:123456
[2020-07-29T11:56:05.474] [DEBUG] cheese - admin
[2020-07-29T11:56:05.477] [DEBUG] cheese - null
[2020-07-29T11:56:05.477] [DEBUG] cheese - null
[2020-07-29T11:56:29.739] [DEBUG] cheese - login => username:admin,password:123456
[2020-07-29T11:56:29.739] [DEBUG] cheese - admin
[2020-07-29T11:56:29.741] [DEBUG] cheese - null
[2020-07-29T11:56:29.741] [DEBUG] cheese - null
[2020-07-29T11:56:32.256] [DEBUG] cheese - login => username:admin,password:123456
[2020-07-29T11:56:32.256] [DEBUG] cheese - admin
[2020-07-29T11:56:32.258] [DEBUG] cheese - null
[2020-07-29T11:56:32.258] [DEBUG] cheese - null
[2020-07-29T11:57:48.634] [DEBUG] cheese - login => username:admin,password:123456
[2020-07-29T11:57:48.634] [DEBUG] cheese - admin
[2020-07-29T11:57:48.636] [DEBUG] cheese - null
[2020-07-29T11:57:48.636] [DEBUG] cheese - null
[2020-07-29T11:58:17.999] [DEBUG] cheese - login => username:admin,password:123456
[2020-07-29T11:58:17.999] [DEBUG] cheese - admin
[2020-07-29T11:58:18.000] [DEBUG] cheese - null
[2020-07-29T11:58:18.001] [DEBUG] cheese - null
[2020-07-29T11:58:58.230] [DEBUG] cheese - login => username:admin,password:123456
[2020-07-29T11:58:58.230] [DEBUG] cheese - admin
[2020-07-29T11:58:58.232] [DEBUG] cheese - null
[2020-07-29T11:58:58.232] [DEBUG] cheese - null
[2020-07-29T12:00:30.136] [DEBUG] cheese - login => username:adawd,password:21432543f
[2020-07-29T12:00:30.136] [DEBUG] cheese - adawd
[2020-07-29T12:00:30.138] [DEBUG] cheese - null
[2020-07-29T12:00:30.138] [DEBUG] cheese - null
